#
# There is insufficient memory for the Java Runtime Environment to continue.
# Native memory allocation (malloc) failed to allocate 1611696 bytes for Chunk::new
# Possible reasons:
#   The system is out of physical RAM or swap space
#   The process is running with CompressedOops enabled, and the Java Heap may be blocking the growth of the native heap
# Possible solutions:
#   Reduce memory load on the system
#   Increase physical memory or swap space
#   Check if swap backing store is full
#   Decrease Java heap size (-Xmx/-Xms)
#   Decrease number of Java threads
#   Decrease Java thread stack sizes (-Xss)
#   Set larger code cache with -XX:ReservedCodeCacheSize=
#   JVM is running with Zero Based Compressed Oops mode in which the Java heap is
#     placed in the first 32GB address space. The Java Heap base address is the
#     maximum limit for the native heap growth. Please use -XX:HeapBaseMinAddress
#     to set the Java Heap base and to place the Java Heap above 32GB virtual address.
# This output file may be truncated or incomplete.
#
#  Out of Memory Error (allocation.cpp:389), pid=10764, tid=0x0000000000002450
#
# JRE version: OpenJDK Runtime Environment (8.0_342-b07) (build 1.8.0_342-b07)
# Java VM: OpenJDK 64-Bit Server VM (25.342-b07 mixed mode windows-amd64 compressed oops)
# Failed to write core dump. Minidumps are not enabled by default on client versions of Windows
#

---------------  T H R E A D  ---------------

Current thread (0x000002857dc38000):  JavaThread "C2 CompilerThread6" daemon [_thread_in_native, id=9296, stack(0x000000af51500000,0x000000af51600000)]

Stack: [0x000000af51500000,0x000000af51600000]
[error occurred during error reporting (printing stack bounds), id 0xc0000005]

Native frames: (J=compiled Java code, j=interpreted, Vv=VM code, C=native code)


Current CompileTask:
C2:  91317 23366   !   4       net.minecraft.entity.Entity::move (2686 bytes)


---------------  P R O C E S S  ---------------

Java Threads: ( => current thread )
  0x0000028536122800 JavaThread "Chunk Batcher 19" daemon [_thread_blocked, id=8404, stack(0x000000af55600000,0x000000af55700000)]
  0x0000028536124000 JavaThread "Chunk Batcher 18" daemon [_thread_blocked, id=8032, stack(0x000000af55500000,0x000000af55600000)]
  0x0000028536116000 JavaThread "Chunk Batcher 17" daemon [_thread_blocked, id=10092, stack(0x000000af55400000,0x000000af55500000)]
  0x000002853611c000 JavaThread "Chunk Batcher 16" daemon [_thread_blocked, id=11552, stack(0x000000af55300000,0x000000af55400000)]
  0x000002853611d000 JavaThread "Chunk Batcher 15" daemon [_thread_blocked, id=4792, stack(0x000000af55200000,0x000000af55300000)]
  0x000002853611b800 JavaThread "Chunk Batcher 14" daemon [_thread_blocked, id=10232, stack(0x000000af55100000,0x000000af55200000)]
  0x000002853611a800 JavaThread "Chunk Batcher 13" daemon [_thread_blocked, id=10948, stack(0x000000af55000000,0x000000af55100000)]
  0x0000028536117800 JavaThread "Chunk Batcher 12" daemon [_thread_blocked, id=5148, stack(0x000000af54f00000,0x000000af55000000)]
  0x0000028536119000 JavaThread "Chunk Batcher 11" daemon [_thread_blocked, id=16092, stack(0x000000af54e00000,0x000000af54f00000)]
  0x0000028536115000 JavaThread "Chunk Batcher 10" daemon [_thread_blocked, id=2436, stack(0x000000af54d00000,0x000000af54e00000)]
  0x0000028536113800 JavaThread "Chunk Batcher 9" daemon [_thread_blocked, id=10468, stack(0x000000af54c00000,0x000000af54d00000)]
  0x0000028536114800 JavaThread "Chunk Batcher 8" daemon [_thread_blocked, id=8844, stack(0x000000af54b00000,0x000000af54c00000)]
  0x0000028536116800 JavaThread "Chunk Batcher 7" daemon [_thread_blocked, id=9076, stack(0x000000af54a00000,0x000000af54b00000)]
  0x000002853611a000 JavaThread "Chunk Batcher 6" daemon [_thread_blocked, id=13364, stack(0x000000af54900000,0x000000af54a00000)]
  0x0000028536118000 JavaThread "Chunk Batcher 5" daemon [_thread_blocked, id=14000, stack(0x000000af54800000,0x000000af54900000)]
  0x000002853610b800 JavaThread "Chunk Batcher 4" daemon [_thread_blocked, id=10044, stack(0x000000af54700000,0x000000af54800000)]
  0x0000028536112800 JavaThread "Chunk Batcher 3" daemon [_thread_blocked, id=8732, stack(0x000000af54600000,0x000000af54700000)]
  0x0000028536112000 JavaThread "Chunk Batcher 2" daemon [_thread_blocked, id=4764, stack(0x000000af54500000,0x000000af54600000)]
  0x000002853610a000 JavaThread "Chunk Batcher 1" daemon [_thread_blocked, id=11856, stack(0x000000af54400000,0x000000af54500000)]
  0x0000028536110800 JavaThread "Chunk Batcher 0" daemon [_thread_blocked, id=9872, stack(0x000000af54300000,0x000000af54400000)]
  0x000002853610e000 JavaThread "Keep-Alive-Timer" daemon [_thread_blocked, id=16204, stack(0x000000af54200000,0x000000af54300000)]
  0x000002852ab61800 JavaThread "Netty Server IO #1" daemon [_thread_in_native, id=4788, stack(0x000000af54100000,0x000000af54200000)]
  0x000002852ab4a000 JavaThread "Netty Local Client IO #0" daemon [_thread_blocked, id=10228, stack(0x000000af54000000,0x000000af54100000)]
  0x0000028532ad6000 JavaThread "Netty Server IO #0" daemon [_thread_in_native, id=9892, stack(0x000000af53a00000,0x000000af53b00000)]
  0x0000028532ad5000 JavaThread "File IO Thread" [_thread_blocked, id=10464, stack(0x000000af53000000,0x000000af53100000)]
  0x0000028532ac0800 JavaThread "Server thread" [_thread_blocked, id=11544, stack(0x000000af53900000,0x000000af53a00000)]
  0x0000028532ac8000 JavaThread "Snooper Timer" daemon [_thread_blocked, id=11928, stack(0x000000af53600000,0x000000af53700000)]
  0x0000028532ac6000 JavaThread "Narrator" daemon [_thread_blocked, id=9152, stack(0x000000af53700000,0x000000af53800000)]
  0x0000028531c07800 JavaThread "Thread-16" [_thread_blocked, id=5392, stack(0x000000af53d00000,0x000000af53e00000)]
  0x0000028531c06800 JavaThread "Thread-15" [_thread_blocked, id=2260, stack(0x000000af53b00000,0x000000af53c00000)]
  0x0000028532922000 JavaThread "LWJGL Timer" daemon [_thread_blocked, id=15336, stack(0x000000af53800000,0x000000af53900000)]
  0x000002853291f800 JavaThread "Java2D Disposer" daemon [_thread_blocked, id=15992, stack(0x000000af52f00000,0x000000af53000000)]
  0x000002853291e800 JavaThread "Timer hack thread" daemon [_thread_blocked, id=5028, stack(0x000000af52c00000,0x000000af52d00000)]
  0x000002857e2ac000 JavaThread "Snooper Timer" daemon [_thread_blocked, id=13196, stack(0x000000af52000000,0x000000af52100000)]
  0x000002857e2af800 JavaThread "rebel-messaging-executor-79" daemon [_thread_blocked, id=11396, stack(0x000000af52e00000,0x000000af52f00000)]
  0x000002857e895000 JavaThread "rebel-build-info" daemon [_thread_in_native, id=5240, stack(0x000000af52b00000,0x000000af52c00000)]
  0x000002857e896000 JavaThread "rebel-change-detector-thread" daemon [_thread_blocked, id=14888, stack(0x000000af52600000,0x000000af52700000)]
  0x000002857e898800 JavaThread "rebel-debugger-thread" daemon [_thread_blocked, id=15856, stack(0x000000af52500000,0x000000af52600000)]
  0x000002857e899000 JavaThread "rebel-debugger-attach-notifier" daemon [_thread_blocked, id=11836, stack(0x000000af52400000,0x000000af52500000)]
  0x000002857e88d800 JavaThread "rebel-heartbeat-thread" daemon [_thread_blocked, id=12720, stack(0x000000af52300000,0x000000af52400000)]
  0x000002857e890800 JavaThread "rebel-redeploy-thread" daemon [_thread_blocked, id=6412, stack(0x000000af52200000,0x000000af52300000)]
  0x000002857e88f800 JavaThread "rebel-IDENotificationsImpl-PostCycle" daemon [_thread_blocked, id=1684, stack(0x000000af52100000,0x000000af52200000)]
  0x000002857e88b000 JavaThread "rebel-leaseManager-1" daemon [_thread_blocked, id=14748, stack(0x000000af51f00000,0x000000af52000000)]
  0x000002857e88e000 JavaThread "rebel-weak-reaper" daemon [_thread_blocked, id=760, stack(0x000000af51e00000,0x000000af51f00000)]
  0x000002857e892000 JavaThread "rebel-cache-writer" daemon [_thread_blocked, id=16240, stack(0x000000af51d00000,0x000000af51e00000)]
  0x000002857e88f000 JavaThread "rebel-fsnotify-OutputReader" daemon [_thread_in_native, id=7488, stack(0x000000af52a00000,0x000000af52b00000)]
  0x000002857e88c800 JavaThread "rebel-fsnotify-OutputReader" daemon [_thread_in_native, id=13416, stack(0x000000af52900000,0x000000af52a00000)]
  0x000002857e891800 JavaThread "rebel-fsnotify-ShutdownOnTermination" daemon [_thread_in_native, id=12244, stack(0x000000af52800000,0x000000af52900000)]
  0x000002857e2b8000 JavaThread "rebel-logger" daemon [_thread_blocked, id=640, stack(0x000000af53c00000,0x000000af53d00000)]
  0x000002857dc56800 JavaThread "rebel-CacheKeepAlive" daemon [_thread_blocked, id=688, stack(0x000000af52700000,0x000000af52800000)]
  0x000002857dcce000 JavaThread "Service Thread" daemon [_thread_blocked, id=7964, stack(0x000000af51b00000,0x000000af51c00000)]
  0x000002857dc56000 JavaThread "C1 CompilerThread11" daemon [_thread_blocked, id=10360, stack(0x000000af51a00000,0x000000af51b00000)]
  0x000002857dc5c000 JavaThread "C1 CompilerThread10" daemon [_thread_blocked, id=2872, stack(0x000000af51900000,0x000000af51a00000)]
  0x000002857dc55000 JavaThread "C1 CompilerThread9" daemon [_thread_blocked, id=5624, stack(0x000000af51800000,0x000000af51900000)]
  0x000002857dc5b800 JavaThread "C1 CompilerThread8" daemon [_thread_blocked, id=12548, stack(0x000000af51700000,0x000000af51800000)]
  0x000002857dc5a000 JavaThread "C2 CompilerThread7" daemon [_thread_blocked, id=14496, stack(0x000000af51600000,0x000000af51700000)]
=>0x000002857dc38000 JavaThread "C2 CompilerThread6" daemon [_thread_in_native, id=9296, stack(0x000000af51500000,0x000000af51600000)]
  0x000002857dc09000 JavaThread "C2 CompilerThread5" daemon [_thread_blocked, id=6548, stack(0x000000af51400000,0x000000af51500000)]
  0x000002857dc08000 JavaThread "C2 CompilerThread4" daemon [_thread_blocked, id=11328, stack(0x000000af51300000,0x000000af51400000)]
  0x000002857dbfd000 JavaThread "C2 CompilerThread3" daemon [_thread_in_native, id=10080, stack(0x000000af51200000,0x000000af51300000)]
  0x000002857dbfc800 JavaThread "C2 CompilerThread2" daemon [_thread_blocked, id=2704, stack(0x000000af51100000,0x000000af51200000)]
  0x000002857dbf7800 JavaThread "C2 CompilerThread1" daemon [_thread_in_native, id=4064, stack(0x000000af51000000,0x000000af51100000)]
  0x000002857dbf2800 JavaThread "C2 CompilerThread0" daemon [_thread_in_native, id=13248, stack(0x000000af50f00000,0x000000af51000000)]
  0x000002857bfd1000 JavaThread "JDWP Command Reader" daemon [_thread_in_native, id=13372, stack(0x000000af50e00000,0x000000af50f00000)]
  0x000002857bfce000 JavaThread "JDWP Event Helper Thread" daemon [_thread_blocked, id=15892, stack(0x000000af50d00000,0x000000af50e00000)]
  0x000002857bfb6800 JavaThread "JDWP Transport Listener: dt_socket" daemon [_thread_blocked, id=6964, stack(0x000000af50c00000,0x000000af50d00000)]
  0x000002857bfa1800 JavaThread "Attach Listener" daemon [_thread_blocked, id=10000, stack(0x000000af50b00000,0x000000af50c00000)]
  0x000002857bfa1000 JavaThread "Signal Dispatcher" daemon [_thread_blocked, id=8220, stack(0x000000af50a00000,0x000000af50b00000)]
  0x000002857a136000 JavaThread "Finalizer" daemon [_thread_blocked, id=11840, stack(0x000000af50900000,0x000000af50a00000)]
  0x000002857a12d800 JavaThread "Reference Handler" daemon [_thread_blocked, id=16172, stack(0x000000af50800000,0x000000af50900000)]
  0x00000285748ad800 JavaThread "Client thread" [_thread_blocked, id=8008, stack(0x000000af4f700000,0x000000af4f800000)]

Other Threads:
  0x000002857bf04000 VMThread [stack: 0x000000af50700000,0x000000af50800000] [id=12904]
  0x000002857dcf8800 WatcherThread [stack: 0x000000af51c00000,0x000000af51d00000] [id=15200]

VM state:at safepoint (normal execution)

VM Mutex/Monitor currently owned by a thread:  ([mutex/lock_event])
[0x00000285748abae0] Threads_lock - owner thread: 0x000002857bf04000
[0x00000285748ab860] Compile_lock - owner thread: 0x00000285748ad800
[0x00000285748ac560] MethodCompileQueue_lock - owner thread: 0x000002857dc5b800

OutOfMemory and StackOverflow Exception counts:
OutOfMemoryError java_heap_errors=1

heap address: 0x00000005c1200000, size: 8174 MB, Compressed Oops mode: Zero based, Oop shift amount: 3
Narrow klass base: 0x0000000000000000, Narrow klass shift: 3
Compressed class space size: 1073741824 Address: 0x00000007c0000000

Heap:
 PSYoungGen      total 1008640K, used 337773K [0x0000000715b80000, 0x000000075f600000, 0x00000007c0000000)
  eden space 870400K, 32% used [0x0000000715b80000,0x0000000726f0e298,0x000000074ad80000)
  from space 138240K, 40% used [0x000000074ad80000,0x000000074e3cd240,0x0000000753480000)
  to   space 132096K, 0% used [0x0000000757500000,0x0000000757500000,0x000000075f600000)
 ParOldGen       total 600576K, used 223021K [0x00000005c1200000, 0x00000005e5c80000, 0x0000000715b80000)
  object space 600576K, 37% used [0x00000005c1200000,0x00000005cebcb718,0x00000005e5c80000)
 Metaspace       used 103670K, capacity 105679K, committed 106456K, reserved 1144832K
  class space    used 11289K, capacity 11729K, committed 11776K, reserved 1048576K

Card table byte_map: [0x0000028576b00000,0x0000028577b00000] byte_map_base: 0x0000028573cf7000

Marking Bits: (ParMarkBitMap*) 0x0000000069926850
 Begin Bits: [0x000002850f000000, 0x0000028516fb8000)
 End Bits:   [0x0000028516fb8000, 0x000002851ef70000)

Polling page: 0x0000028574bd0000

CodeCache: size=245760Kb used=62979Kb max_used=64288Kb free=182780Kb
 bounds [0x0000028500000000, 0x0000028503f40000, 0x000002850f000000]
 total_blobs=18329 nmethods=17188 adapters=1055
 compilation: enabled

Compilation events (10 events):
Event: 91.313 Thread 0x000002857dc5a000 nmethod 23433 0x0000028503938650 code [0x00000285039387c0, 0x0000028503938aa8]
Event: 91.313 Thread 0x000002857dc5a000 23445       4       io.netty.util.concurrent.SingleThreadEventExecutor::_jr$ig$thread (8 bytes)
Event: 91.314 Thread 0x000002857dc5a000 nmethod 23445 0x00000285014e1350 code [0x00000285014e14a0, 0x00000285014e1538]
Event: 91.314 Thread 0x000002857dc08000 23446       4       io.netty.channel.AbstractChannel::eventLoop (31 bytes)
Event: 91.315 Thread 0x000002857dbfc800 nmethod 23432 0x0000028500705d10 code [0x0000028500705e80, 0x0000028500706208]
Event: 91.315 Thread 0x000002857dc08000 nmethod 23446 0x0000028502a1e190 code [0x0000028502a1e2c0, 0x0000028502a1e338]
Event: 91.315 Thread 0x000002857dc09000 nmethod 23436 0x00000285008ada50 code [0x00000285008adbc0, 0x00000285008ae328]
Event: 91.315 Thread 0x000002857dbfc800 23447       4       net.minecraft.entity.Entity::_jr$ig$posX (8 bytes)
Event: 91.316 Thread 0x000002857dc56000 23448       3       io.netty.channel.AbstractChannelHandlerContext::invokeChannelRead (54 bytes)
Event: 91.316 Thread 0x000002857dc5c000 23449   !   3       io.netty.channel.AbstractChannelHandlerContext::invokeChannelRead (46 bytes)

GC Heap History (10 events):
Event: 81.573 GC heap before
{Heap before GC invocations=32 (full 3):
 PSYoungGen      total 1001984K, used 865854K [0x0000000715b80000, 0x000000075b200000, 0x00000007c0000000)
  eden space 876032K, 88% used [0x0000000715b80000,0x0000000744e26b98,0x000000074b300000)
  from space 125952K, 73% used [0x0000000753600000,0x00000007590e8fb8,0x000000075b100000)
  to   space 130560K, 0% used [0x000000074b300000,0x000000074b300000,0x0000000753280000)
 ParOldGen       total 600576K, used 133096K [0x00000005c1200000, 0x00000005e5c80000, 0x0000000715b80000)
  object space 600576K, 22% used [0x00000005c1200000,0x00000005c93fa118,0x00000005e5c80000)
 Metaspace       used 92432K, capacity 94217K, committed 95064K, reserved 1134592K
  class space    used 10183K, capacity 10594K, committed 10624K, reserved 1048576K
Event: 81.605 GC heap after
Heap after GC invocations=32 (full 3):
 PSYoungGen      total 1006592K, used 90179K [0x0000000715b80000, 0x000000075b600000, 0x00000007c0000000)
  eden space 876032K, 0% used [0x0000000715b80000,0x0000000715b80000,0x000000074b300000)
  from space 130560K, 69% used [0x000000074b300000,0x0000000750b10fc8,0x0000000753280000)
  to   space 132608K, 0% used [0x0000000753480000,0x0000000753480000,0x000000075b600000)
 ParOldGen       total 600576K, used 141040K [0x00000005c1200000, 0x00000005e5c80000, 0x0000000715b80000)
  object space 600576K, 23% used [0x00000005c1200000,0x00000005c9bbc2c8,0x00000005e5c80000)
 Metaspace       used 92432K, capacity 94217K, committed 95064K, reserved 1134592K
  class space    used 10183K, capacity 10594K, committed 10624K, reserved 1048576K
}
Event: 81.605 GC heap before
{Heap before GC invocations=33 (full 4):
 PSYoungGen      total 1006592K, used 90179K [0x0000000715b80000, 0x000000075b600000, 0x00000007c0000000)
  eden space 876032K, 0% used [0x0000000715b80000,0x0000000715b80000,0x000000074b300000)
  from space 130560K, 69% used [0x000000074b300000,0x0000000750b10fc8,0x0000000753280000)
  to   space 132608K, 0% used [0x0000000753480000,0x0000000753480000,0x000000075b600000)
 ParOldGen       total 600576K, used 141040K [0x00000005c1200000, 0x00000005e5c80000, 0x0000000715b80000)
  object space 600576K, 23% used [0x00000005c1200000,0x00000005c9bbc2c8,0x00000005e5c80000)
 Metaspace       used 92432K, capacity 94217K, committed 95064K, reserved 1134592K
  class space    used 10183K, capacity 10594K, committed 10624K, reserved 1048576K
Event: 82.208 GC heap after
Heap after GC invocations=33 (full 4):
 PSYoungGen      total 1006592K, used 0K [0x0000000715b80000, 0x000000075b600000, 0x00000007c0000000)
  eden space 876032K, 0% used [0x0000000715b80000,0x0000000715b80000,0x000000074b300000)
  from space 130560K, 0% used [0x000000074b300000,0x000000074b300000,0x0000000753280000)
  to   space 132608K, 0% used [0x0000000753480000,0x0000000753480000,0x000000075b600000)
 ParOldGen       total 600576K, used 223013K [0x00000005c1200000, 0x00000005e5c80000, 0x0000000715b80000)
  object space 600576K, 37% used [0x00000005c1200000,0x00000005cebc9660,0x00000005e5c80000)
 Metaspace       used 92432K, capacity 94217K, committed 95064K, reserved 1134592K
  class space    used 10183K, capacity 10594K, committed 10624K, reserved 1048576K
}
Event: 82.208 GC heap before
{Heap before GC invocations=34 (full 4):
 PSYoungGen      total 1006592K, used 2K [0x0000000715b80000, 0x000000075b600000, 0x00000007c0000000)
  eden space 876032K, 0% used [0x0000000715b80000,0x0000000715b80820,0x000000074b300000)
  from space 130560K, 0% used [0x000000074b300000,0x000000074b300000,0x0000000753280000)
  to   space 132608K, 0% used [0x0000000753480000,0x0000000753480000,0x000000075b600000)
 ParOldGen       total 600576K, used 223013K [0x00000005c1200000, 0x00000005e5c80000, 0x0000000715b80000)
  object space 600576K, 37% used [0x00000005c1200000,0x00000005cebc9660,0x00000005e5c80000)
 Metaspace       used 92432K, capacity 94217K, committed 95064K, reserved 1134592K
  class space    used 10183K, capacity 10594K, committed 10624K, reserved 1048576K
Event: 82.212 GC heap after
Heap after GC invocations=34 (full 4):
 PSYoungGen      total 1003008K, used 96K [0x0000000715b80000, 0x000000075c100000, 0x00000007c0000000)
  eden space 870400K, 0% used [0x0000000715b80000,0x0000000715b80000,0x000000074ad80000)
  from space 132608K, 0% used [0x0000000753480000,0x0000000753498000,0x000000075b600000)
  to   space 138240K, 0% used [0x000000074ad80000,0x000000074ad80000,0x0000000753480000)
 ParOldGen       total 600576K, used 223013K [0x00000005c1200000, 0x00000005e5c80000, 0x0000000715b80000)
  object space 600576K, 37% used [0x00000005c1200000,0x00000005cebc9660,0x00000005e5c80000)
 Metaspace       used 92432K, capacity 94217K, committed 95064K, reserved 1134592K
  class space    used 10183K, capacity 10594K, committed 10624K, reserved 1048576K
}
Event: 82.213 GC heap before
{Heap before GC invocations=35 (full 5):
 PSYoungGen      total 1003008K, used 96K [0x0000000715b80000, 0x000000075c100000, 0x00000007c0000000)
  eden space 870400K, 0% used [0x0000000715b80000,0x0000000715b80000,0x000000074ad80000)
  from space 132608K, 0% used [0x0000000753480000,0x0000000753498000,0x000000075b600000)
  to   space 138240K, 0% used [0x000000074ad80000,0x000000074ad80000,0x0000000753480000)
 ParOldGen       total 600576K, used 223013K [0x00000005c1200000, 0x00000005e5c80000, 0x0000000715b80000)
  object space 600576K, 37% used [0x00000005c1200000,0x00000005cebc9660,0x00000005e5c80000)
 Metaspace       used 92432K, capacity 94217K, committed 95064K, reserved 1134592K
  class space    used 10183K, capacity 10594K, committed 10624K, reserved 1048576K
Event: 82.517 GC heap after
Heap after GC invocations=35 (full 5):
 PSYoungGen      total 1003008K, used 0K [0x0000000715b80000, 0x000000075c100000, 0x00000007c0000000)
  eden space 870400K, 0% used [0x0000000715b80000,0x0000000715b80000,0x000000074ad80000)
  from space 132608K, 0% used [0x0000000753480000,0x0000000753480000,0x000000075b600000)
  to   space 138240K, 0% used [0x000000074ad80000,0x000000074ad80000,0x0000000753480000)
 ParOldGen       total 600576K, used 223013K [0x00000005c1200000, 0x00000005e5c80000, 0x0000000715b80000)
  object space 600576K, 37% used [0x00000005c1200000,0x00000005cebc9718,0x00000005e5c80000)
 Metaspace       used 92432K, capacity 94217K, committed 95064K, reserved 1134592K
  class space    used 10183K, capacity 10594K, committed 10624K, reserved 1048576K
}
Event: 88.905 GC heap before
{Heap before GC invocations=36 (full 5):
 PSYoungGen      total 1003008K, used 870400K [0x0000000715b80000, 0x000000075c100000, 0x00000007c0000000)
  eden space 870400K, 100% used [0x0000000715b80000,0x000000074ad80000,0x000000074ad80000)
  from space 132608K, 0% used [0x0000000753480000,0x0000000753480000,0x000000075b600000)
  to   space 138240K, 0% used [0x000000074ad80000,0x000000074ad80000,0x0000000753480000)
 ParOldGen       total 600576K, used 223013K [0x00000005c1200000, 0x00000005e5c80000, 0x0000000715b80000)
  object space 600576K, 37% used [0x00000005c1200000,0x00000005cebc9718,0x00000005e5c80000)
 Metaspace       used 101476K, capacity 103445K, committed 104280K, reserved 1142784K
  class space    used 11122K, capacity 11580K, committed 11648K, reserved 1048576K
Event: 88.925 GC heap after
Heap after GC invocations=36 (full 5):
 PSYoungGen      total 1008640K, used 55604K [0x0000000715b80000, 0x000000075f600000, 0x00000007c0000000)
  eden space 870400K, 0% used [0x0000000715b80000,0x0000000715b80000,0x000000074ad80000)
  from space 138240K, 40% used [0x000000074ad80000,0x000000074e3cd240,0x0000000753480000)
  to   space 132096K, 0% used [0x0000000757500000,0x0000000757500000,0x000000075f600000)
 ParOldGen       total 600576K, used 223021K [0x00000005c1200000, 0x00000005e5c80000, 0x0000000715b80000)
  object space 600576K, 37% used [0x00000005c1200000,0x00000005cebcb718,0x00000005e5c80000)
 Metaspace       used 101476K, capacity 103445K, committed 104280K, reserved 1142784K
  class space    used 11122K, capacity 11580K, committed 11648K, reserved 1048576K
}

Deoptimization events (10 events):
Event: 91.308 Thread 0x00000285748ad800 Uncommon trap: reason=unstable_if action=reinterpret pc=0x00000285009a800c method=com.zeroturnaround.javarebel.xk.c(Ljava/lang/String;)Z @ 6
Event: 91.308 Thread 0x00000285748ad800 Uncommon trap: reason=unstable_if action=reinterpret pc=0x00000285024a2318 method=com.zeroturnaround.javarebel.xk.c(Ljava/lang/String;)Z @ 6
Event: 91.312 Thread 0x000002852ab4a000 Uncommon trap: reason=class_check action=maybe_recompile pc=0x00000285016b7280 method=io.netty.util.concurrent.SingleThreadEventExecutor._jr$ig$thread(Ljava/lang/Object;)Ljava/lang/Thread; @ 1
Event: 91.312 Thread 0x000002852ab4a000 Uncommon trap: reason=class_check action=maybe_recompile pc=0x00000285016b7280 method=io.netty.util.concurrent.SingleThreadEventExecutor._jr$ig$thread(Ljava/lang/Object;)Ljava/lang/Thread; @ 1
Event: 91.312 Thread 0x000002852ab4a000 Uncommon trap: reason=class_check action=maybe_recompile pc=0x00000285016b7280 method=io.netty.util.concurrent.SingleThreadEventExecutor._jr$ig$thread(Ljava/lang/Object;)Ljava/lang/Thread; @ 1
Event: 91.312 Thread 0x000002852ab4a000 Uncommon trap: reason=class_check action=maybe_recompile pc=0x00000285016b7280 method=io.netty.util.concurrent.SingleThreadEventExecutor._jr$ig$thread(Ljava/lang/Object;)Ljava/lang/Thread; @ 1
Event: 91.312 Thread 0x00000285748ad800 Uncommon trap: reason=null_check action=make_not_entrant pc=0x0000028501caa238 method=net.minecraft.entity.Entity._jr$ig$posX(Ljava/lang/Object;)D @ 1
Event: 91.313 Thread 0x00000285748ad800 Uncommon trap: reason=class_check action=maybe_recompile pc=0x00000285037671fc method=com.google.common.collect.ImmutableList.copyOf(Ljava/util/Collection;)Lcom/google/common/collect/ImmutableList; @ 20
Event: 91.314 Thread 0x000002852ab4a000 Uncommon trap: reason=unstable_if action=reinterpret pc=0x000002850104b334 method=java.util.ArrayDeque.addLast(Ljava/lang/Object;)V @ 59
Event: 91.315 Thread 0x000002852ab4a000 Uncommon trap: reason=unstable_if action=reinterpret pc=0x00000285009c8e44 method=java.util.ArrayDeque.addLast(Ljava/lang/Object;)V @ 59

Classes redefined (8 events):
Event: 1.709 Thread 0x000002857bf04000 redefined class name=com.zeroturnaround.jrebelbase.facade.ay, count=1
Event: 1.714 Thread 0x000002857bf04000 redefined class name=com.zeroturnaround.jrebelbase.facade.as, count=1
Event: 1.718 Thread 0x000002857bf04000 redefined class name=com.zeroturnaround.jrebelbase.facade.a, count=1
Event: 1.723 Thread 0x000002857bf04000 redefined class name=com.zeroturnaround.jrebelbase.d, count=1
Event: 1.727 Thread 0x000002857bf04000 redefined class name=com.zeroturnaround.jrebelbase.facade.f, count=1
Event: 1.730 Thread 0x000002857bf04000 redefined class name=com.zeroturnaround.jrebelbase.facade.e, count=1
Event: 1.733 Thread 0x000002857bf04000 redefined class name=com.zeroturnaround.jrebelbase.facade.g, count=1
Event: 1.735 Thread 0x000002857bf04000 redefined class name=com.zeroturnaround.jrebelbase.facade.ad, count=1

Internal exceptions (10 events):
Event: 89.831 Thread 0x000002852ab4a000 Implicit null exception at 0x0000028500bf1275 to 0x0000028500bf492d
Event: 89.831 Thread 0x000002852ab4a000 Implicit null exception at 0x00000285013e48ac to 0x00000285013e6731
Event: 89.831 Thread 0x000002852ab4a000 Implicit null exception at 0x0000028501fdda96 to 0x0000028501fea3a7
Event: 91.302 Thread 0x00000285748ad800 Exception <a 'java/lang/OutOfMemoryError'> (0x0000000721640208) thrown at [C:\wsjdk\Corretto8Src\installers\windows\zip\corretto-build\buildRoot\hotspot\src\share\vm\prims\unsafe.cpp, line 626]
Event: 91.306 Thread 0x00000285748ad800 Exception <a 'java/lang/NullPointerException'> (0x0000000721677cd0) thrown at [C:\wsjdk\Corretto8Src\installers\windows\zip\corretto-build\buildRoot\hotspot\src\share\vm\interpreter\linkResolver.cpp, line 1185]
Event: 91.308 Thread 0x00000285748ad800 Implicit null exception at 0x000002850380a3e1 to 0x000002850380a417
Event: 91.308 Thread 0x00000285748ad800 Exception <a 'java/lang/NullPointerException'> (0x00000007216c9e70) thrown at [C:\wsjdk\Corretto8Src\installers\windows\zip\corretto-build\buildRoot\hotspot\src\share\vm\runtime\sharedRuntime.cpp, line 610]
Event: 91.310 Thread 0x00000285748ad800 Exception <a 'java/lang/NullPointerException'> (0x00000007216f2b08) thrown at [C:\wsjdk\Corretto8Src\installers\windows\zip\corretto-build\buildRoot\hotspot\src\share\vm\interpreter\linkResolver.cpp, line 1185]
Event: 91.311 Thread 0x00000285748ad800 Exception <a 'java/lang/NullPointerException'> (0x000000072171b088) thrown at [C:\wsjdk\Corretto8Src\installers\windows\zip\corretto-build\buildRoot\hotspot\src\share\vm\interpreter\linkResolver.cpp, line 1185]
Event: 91.312 Thread 0x00000285748ad800 Implicit null exception at 0x0000028501caa1cc to 0x0000028501caa22d

Events (10 events):
Event: 91.313 Thread 0x000002857dc5b800 flushing nmethod 0x0000028500d70190
Event: 91.314 Thread 0x000002852ab4a000 Uncommon trap: trap_request=0xffffff65 fr.pc=0x000002850104b334
Event: 91.314 Thread 0x000002852ab4a000 DEOPT PACKING pc=0x000002850104b334 sp=0x000000af540fea00
Event: 91.314 Thread 0x000002852ab4a000 DEOPT UNPACKING pc=0x0000028500045583 sp=0x000000af540fe970 mode 2
Event: 91.315 loading class net/minecraftforge/fml/common/LoaderState$ModState
Event: 91.315 loading class net/minecraftforge/fml/common/LoaderState$ModState done
Event: 91.315 Thread 0x000002852ab4a000 Uncommon trap: trap_request=0xffffff65 fr.pc=0x00000285009c8e44
Event: 91.315 Thread 0x000002852ab4a000 DEOPT PACKING pc=0x00000285009c8e44 sp=0x000000af540fe980
Event: 91.315 Thread 0x000002852ab4a000 DEOPT UNPACKING pc=0x0000028500045583 sp=0x000000af540fe940 mode 2
Event: 91.315 Thread 0x000002857dc5a000 flushing nmethod 0x0000028500fd4050


Dynamic libraries:
0x00007ff60a540000 - 0x00007ff60a57a000 	C:\Users\Administrator\.jdks\corretto-1.8.0_342\bin\java.exe
0x00007ffcdf330000 - 0x00007ffcdf528000 	C:\WINDOWS\SYSTEM32\ntdll.dll
0x00007ffcdd470000 - 0x00007ffcdd52d000 	C:\WINDOWS\System32\KERNEL32.DLL
0x00007ffcdcbf0000 - 0x00007ffcdcebe000 	C:\WINDOWS\System32\KERNELBASE.dll
0x00007ffcde8a0000 - 0x00007ffcde94e000 	C:\WINDOWS\System32\ADVAPI32.dll
0x00007ffcde950000 - 0x00007ffcde9ee000 	C:\WINDOWS\System32\msvcrt.dll
0x00007ffcdf0e0000 - 0x00007ffcdf17c000 	C:\WINDOWS\System32\sechost.dll
0x00007ffcdf1b0000 - 0x00007ffcdf2d5000 	C:\WINDOWS\System32\RPCRT4.dll
0x00007ffcdda00000 - 0x00007ffcddba0000 	C:\WINDOWS\System32\USER32.dll
0x00007ffcdcf70000 - 0x00007ffcdcf92000 	C:\WINDOWS\System32\win32u.dll
0x00007ffcdf180000 - 0x00007ffcdf1aa000 	C:\WINDOWS\System32\GDI32.dll
0x00007ffcdd080000 - 0x00007ffcdd18b000 	C:\WINDOWS\System32\gdi32full.dll
0x00007ffcdd190000 - 0x00007ffcdd22d000 	C:\WINDOWS\System32\msvcp_win.dll
0x00007ffcdca50000 - 0x00007ffcdcb50000 	C:\WINDOWS\System32\ucrtbase.dll
0x00007ffccf4e0000 - 0x00007ffccf77a000 	C:\WINDOWS\WinSxS\amd64_microsoft.windows.common-controls_6595b64144ccf1df_6.0.19041.1110_none_60b5254171f9507e\COMCTL32.dll
0x00007ffcded50000 - 0x00007ffcded80000 	C:\WINDOWS\System32\IMM32.DLL
0x00007ffca1010000 - 0x00007ffca10ff000 	C:\Users\Administrator\.jdks\corretto-1.8.0_342\jre\bin\msvcr120.dll
0x00007ffca0950000 - 0x00007ffca09f6000 	C:\Users\Administrator\.jdks\corretto-1.8.0_342\jre\bin\msvcp120.dll
0x0000000069130000 - 0x00000000699a5000 	C:\Users\Administrator\.jdks\corretto-1.8.0_342\jre\bin\server\jvm.dll
0x00007ffcde7e0000 - 0x00007ffcde7e8000 	C:\WINDOWS\System32\PSAPI.DLL
0x00007ffccd800000 - 0x00007ffccd809000 	C:\WINDOWS\SYSTEM32\WSOCK32.dll
0x00007ffcd52c0000 - 0x00007ffcd52e7000 	C:\WINDOWS\SYSTEM32\WINMM.dll
0x00007ffcde770000 - 0x00007ffcde7db000 	C:\WINDOWS\System32\WS2_32.dll
0x00007ffcd5350000 - 0x00007ffcd535a000 	C:\WINDOWS\SYSTEM32\VERSION.dll
0x00007ffcbf650000 - 0x00007ffcbf65f000 	C:\Users\Administrator\.jdks\corretto-1.8.0_342\jre\bin\verify.dll
0x00007ffcb8a20000 - 0x00007ffcb8a49000 	C:\Users\Administrator\.jdks\corretto-1.8.0_342\jre\bin\java.dll
0x00007ffcc7fd0000 - 0x00007ffcc8005000 	C:\Users\Administrator\.jdks\corretto-1.8.0_342\jre\bin\jdwp.dll
0x00007ffccd870000 - 0x00007ffccd878000 	C:\Users\Administrator\.jdks\corretto-1.8.0_342\jre\bin\npt.dll
0x00007ffcc7f80000 - 0x00007ffcc7fcd000 	C:\Users\Administrator\AppData\Roaming\JetBrains\IdeaIE2021.3\plugins\jr-ide-idea\lib\jrebel6\lib\jrebel64.dll
0x00007ffcddd20000 - 0x00007ffcde463000 	C:\WINDOWS\System32\SHELL32.dll
0x00007ffcdc400000 - 0x00007ffcdc40c000 	C:\WINDOWS\SYSTEM32\CRYPTBASE.DLL
0x00007ffcde4d0000 - 0x00007ffcde57d000 	C:\WINDOWS\System32\shcore.dll
0x00007ffcded80000 - 0x00007ffcdf0d4000 	C:\WINDOWS\System32\combase.dll
0x00007ffccd730000 - 0x00007ffccd75a000 	C:\Users\Administrator\.jdks\corretto-1.8.0_342\jre\bin\instrument.dll
0x00007ffcbd7e0000 - 0x00007ffcbd7f6000 	C:\Users\Administrator\.jdks\corretto-1.8.0_342\jre\bin\zip.dll
0x00007ffcdab60000 - 0x00007ffcdb2f5000 	C:\WINDOWS\SYSTEM32\windows.storage.dll
0x00007ffcdc4b0000 - 0x00007ffcdc4e0000 	C:\WINDOWS\SYSTEM32\Wldp.dll
0x00007ffcdd9a0000 - 0x00007ffcdd9f5000 	C:\WINDOWS\System32\shlwapi.dll
0x00007ffcdc990000 - 0x00007ffcdc9af000 	C:\WINDOWS\SYSTEM32\profapi.dll
0x00007ffccd860000 - 0x00007ffccd869000 	C:\Users\Administrator\.jdks\corretto-1.8.0_342\jre\bin\dt_socket.dll
0x00007ffcdc210000 - 0x00007ffcdc27a000 	C:\WINDOWS\system32\mswsock.dll
0x00007ffcb8060000 - 0x00007ffcb807a000 	C:\Users\Administrator\.jdks\corretto-1.8.0_342\jre\bin\net.dll
0x00007ffcb7240000 - 0x00007ffcb7252000 	C:\Users\Administrator\.jdks\corretto-1.8.0_342\jre\bin\nio.dll
0x00007ffcb9210000 - 0x00007ffcb9233000 	C:\Users\Administrator\.jdks\corretto-1.8.0_342\jre\bin\sunec.dll
0x00007ffcbf2f0000 - 0x00007ffcbf2fd000 	C:\Users\Administrator\.jdks\corretto-1.8.0_342\jre\bin\management.dll
0x00007ffcc2310000 - 0x00007ffcc231c000 	C:\Users\Administrator\.jdks\corretto-1.8.0_342\jre\bin\sunmscapi.dll
0x00007ffcdd230000 - 0x00007ffcdd386000 	C:\WINDOWS\System32\CRYPT32.dll
0x00007ffcdc520000 - 0x00007ffcdc547000 	C:\WINDOWS\SYSTEM32\ncrypt.dll
0x00007ffcdc4e0000 - 0x00007ffcdc51b000 	C:\WINDOWS\SYSTEM32\NTASN1.dll
0x00007ffcc7f10000 - 0x00007ffcc7f2b000 	C:\Users\Administrator\.jrebel\jrebel-temp\ver-354c30f6\IdeaWin64.dll
0x00007ffcdc410000 - 0x00007ffcdc428000 	C:\WINDOWS\SYSTEM32\CRYPTSP.dll
0x00007ffcdbac0000 - 0x00007ffcdbaf4000 	C:\WINDOWS\system32\rsaenh.dll
0x00007ffcdcb50000 - 0x00007ffcdcb77000 	C:\WINDOWS\System32\bcrypt.dll
0x00007ffcdc950000 - 0x00007ffcdc97e000 	C:\WINDOWS\SYSTEM32\USERENV.dll
0x00007ffcdcfa0000 - 0x00007ffcdd022000 	C:\WINDOWS\System32\bcryptprimitives.dll
0x00007ffcdbe90000 - 0x00007ffcdbecb000 	C:\WINDOWS\SYSTEM32\IPHLPAPI.DLL
0x00007ffcdf2e0000 - 0x00007ffcdf2e8000 	C:\WINDOWS\System32\NSI.dll
0x00007ffcd7ac0000 - 0x00007ffcd7ad7000 	C:\WINDOWS\SYSTEM32\dhcpcsvc6.DLL
0x00007ffcd7a30000 - 0x00007ffcd7a4d000 	C:\WINDOWS\SYSTEM32\dhcpcsvc.DLL
0x00007ffcdbed0000 - 0x00007ffcdbf9a000 	C:\WINDOWS\SYSTEM32\DNSAPI.dll
0x00007ffcd6800000 - 0x00007ffcd680a000 	C:\Windows\System32\rasadhlp.dll
0x00007ffcd6720000 - 0x00007ffcd67a0000 	C:\WINDOWS\System32\fwpuclnt.dll
0x00007ffcc4860000 - 0x00007ffcc4877000 	C:\WINDOWS\system32\napinsp.dll
0x00007ffcc4840000 - 0x00007ffcc485b000 	C:\WINDOWS\system32\pnrpnsp.dll
0x00007ffcc4820000 - 0x00007ffcc4835000 	C:\WINDOWS\system32\wshbth.dll
0x00007ffcd85a0000 - 0x00007ffcd85bd000 	C:\WINDOWS\system32\NLAapi.dll
0x00007ffcc4800000 - 0x00007ffcc4812000 	C:\WINDOWS\System32\winrnr.dll
0x0000000180000000 - 0x0000000180053000 	C:\Users\Administrator\.gradle\caches\minecraft\net\minecraft\natives\1.12.2\lwjgl64.dll
0x00007ffcd3c60000 - 0x00007ffcd3d87000 	C:\WINDOWS\SYSTEM32\OPENGL32.dll
0x00007ffcd41d0000 - 0x00007ffcd41fc000 	C:\WINDOWS\SYSTEM32\GLU32.dll
0x00007ffca5390000 - 0x00007ffca5525000 	C:\Users\Administrator\.jdks\corretto-1.8.0_342\jre\bin\awt.dll
0x00007ffcde6a0000 - 0x00007ffcde76d000 	C:\WINDOWS\System32\OLEAUT32.dll
0x00007ffcda2a0000 - 0x00007ffcda330000 	C:\WINDOWS\SYSTEM32\apphelp.dll
0x00007ffcd6920000 - 0x00007ffcd69ce000 	C:\WINDOWS\SYSTEM32\mscms.dll
0x00007ffcd6900000 - 0x00007ffcd6911000 	C:\WINDOWS\SYSTEM32\ColorAdapterClient.dll
0x00007ffcda960000 - 0x00007ffcda972000 	C:\WINDOWS\SYSTEM32\kernel.appcore.dll
0x00007ffcde7f0000 - 0x00007ffcde899000 	C:\WINDOWS\System32\clbcatq.dll
0x00007ffccae00000 - 0x00007ffccae43000 	C:\Windows\System32\Windows.Internal.Graphics.Display.DisplayColorManagement.dll
0x00007ffcdd030000 - 0x00007ffcdd07e000 	C:\WINDOWS\System32\cfgmgr32.dll
0x00007ffcda480000 - 0x00007ffcda51e000 	C:\WINDOWS\system32\uxtheme.dll
0x0000028537860000 - 0x000002853a637000 	D:\2\RivaTuner Statistics Server\RTSSHooks64.dll
0x00007ffcdd530000 - 0x00007ffcdd99f000 	C:\WINDOWS\System32\SETUPAPI.dll
0x00007ffcde580000 - 0x00007ffcde695000 	C:\WINDOWS\System32\MSCTF.dll
0x00007ffcd4bf0000 - 0x00007ffcd4ce9000 	C:\WINDOWS\SYSTEM32\textinputframework.dll
0x00007ffcd9c30000 - 0x00007ffcd9f8e000 	C:\WINDOWS\System32\CoreUIComponents.dll
0x00007ffcd9f90000 - 0x00007ffcda082000 	C:\WINDOWS\System32\CoreMessaging.dll
0x00007ffcdb750000 - 0x00007ffcdb783000 	C:\WINDOWS\SYSTEM32\ntmarta.dll
0x00007ffcd9560000 - 0x00007ffcd96b4000 	C:\WINDOWS\SYSTEM32\wintypes.dll
0x00007ffcd78c0000 - 0x00007ffcd79b7000 	C:\Windows\System32\AppXDeploymentClient.dll
0x000000006a790000 - 0x000000006ca56000 	C:\WINDOWS\SYSTEM32\nvoglv64.DLL
0x00007ffcdea50000 - 0x00007ffcdeb7a000 	C:\WINDOWS\System32\ole32.dll
0x00007ffcd8770000 - 0x00007ffcd8784000 	C:\WINDOWS\SYSTEM32\WTSAPI32.dll
0x00007ffcdc800000 - 0x00007ffcdc82c000 	C:\WINDOWS\System32\DEVOBJ.dll
0x00007ffcdcb80000 - 0x00007ffcdcbe9000 	C:\WINDOWS\System32\WINTRUST.dll
0x00007ffcdc640000 - 0x00007ffcdc652000 	C:\WINDOWS\System32\MSASN1.dll
0x00007ffcda850000 - 0x00007ffcda87f000 	C:\WINDOWS\system32\dwmapi.dll
0x00007ffcd5450000 - 0x00007ffcd548b000 	C:\WINDOWS\SYSTEM32\dxcore.dll
0x00007ffccd180000 - 0x00007ffccd44e000 	C:\WINDOWS\system32\nvspcap64.dll
0x00007ffcae8d0000 - 0x00007ffcae913000 	C:\WINDOWS\SYSTEM32\icm32.dll
0x00007ffcdc1c0000 - 0x00007ffcdc20b000 	C:\WINDOWS\SYSTEM32\powrprof.dll
0x00007ffcdc110000 - 0x00007ffcdc122000 	C:\WINDOWS\SYSTEM32\UMPDC.dll
0x00007ffcdbd00000 - 0x00007ffcdbd5a000 	C:\WINDOWS\SYSTEM32\WINSTA.dll
0x00007ffcc6b50000 - 0x00007ffcc6b92000 	C:\Users\Administrator\AppData\Local\Temp\jna-146731693\jna2150383984949661976.dll
0x000002852f090000 - 0x000002852f0f4000 	C:\Users\Administrator\.gradle\caches\minecraft\net\minecraft\natives\1.12.2\OpenAL64.dll
0x00007ffcd3290000 - 0x00007ffcd3315000 	C:\WINDOWS\System32\MMDevApi.dll
0x00007ffc8e820000 - 0x00007ffc8e8bc000 	C:\WINDOWS\SYSTEM32\dsound.dll
0x00007ffcbc520000 - 0x00007ffcbc546000 	C:\WINDOWS\SYSTEM32\winmmbase.dll
0x00007ffcc2ee0000 - 0x00007ffcc3062000 	C:\WINDOWS\SYSTEM32\AUDIOSES.DLL
0x00007ffcda560000 - 0x00007ffcda574000 	C:\WINDOWS\SYSTEM32\resourcepolicyclient.dll
0x00007ffcbd620000 - 0x00007ffcbd6c6000 	C:\Users\Administrator\.jdks\corretto-1.8.0_342\jre\bin\freetype.dll
0x00007ffcc1580000 - 0x00007ffcc15cb000 	C:\Users\Administrator\.jdks\corretto-1.8.0_342\jre\bin\fontmanager.dll
0x00007ffcd3970000 - 0x00007ffcd398a000 	C:\Users\Administrator\.gradle\caches\minecraft\net\minecraft\natives\1.12.2\SAPIWrapper_x64.dll
0x00007ffccfb70000 - 0x00007ffccfd5c000 	C:\WINDOWS\system32\urlmon.dll
0x00007ffcd0bb0000 - 0x00007ffcd0e61000 	C:\WINDOWS\SYSTEM32\iertutil.dll
0x00007ffccfb40000 - 0x00007ffccfb68000 	C:\WINDOWS\SYSTEM32\srvcli.dll
0x00007ffcdbfa0000 - 0x00007ffcdbfac000 	C:\WINDOWS\SYSTEM32\netutils.dll

VM Arguments:
jvm_args: -agentlib:jdwp=transport=dt_socket,address=127.0.0.1:52529,suspend=y,server=n -Drebel.base=C:\Users\Administrator\.jrebel -Drebel.env.ide.plugin.version=2022.3.1 -Drebel.env.ide.version=2021.3.4 -Drebel.env.ide.product=IE -Drebel.env.ide=intellij -Drebel.notification.url=http://localhost:17434 -agentpath:C:\Users\Administrator\AppData\Roaming\JetBrains\IdeaIE2021.3\plugins\jr-ide-idea\lib\jrebel6\lib\jrebel64.dll -Dfml.coreMods.load=net.ccbluex.liquidbounce.injection.forge.MixinLoader -javaagent:C:\Users\Administrator\AppData\Local\JetBrains\IdeaIE2021.3\captureAgent\debugger-agent.jar -Dfile.encoding=UTF-8 
java_command: GradleStart
java_class_path (initial): C:\Users\Administrator\.jdks\corretto-1.8.0_342\jre\lib\charsets.jar;C:\Users\Administrator\.jdks\corretto-1.8.0_342\jre\lib\ext\access-bridge-64.jar;C:\Users\Administrator\.jdks\corretto-1.8.0_342\jre\lib\ext\cldrdata.jar;C:\Users\Administrator\.jdks\corretto-1.8.0_342\jre\lib\ext\dnsns.jar;C:\Users\Administrator\.jdks\corretto-1.8.0_342\jre\lib\ext\jaccess.jar;C:\Users\Administrator\.jdks\corretto-1.8.0_342\jre\lib\ext\jfxrt.jar;C:\Users\Administrator\.jdks\corretto-1.8.0_342\jre\lib\ext\localedata.jar;C:\Users\Administrator\.jdks\corretto-1.8.0_342\jre\lib\ext\nashorn.jar;C:\Users\Administrator\.jdks\corretto-1.8.0_342\jre\lib\ext\sunec.jar;C:\Users\Administrator\.jdks\corretto-1.8.0_342\jre\lib\ext\sunjce_provider.jar;C:\Users\Administrator\.jdks\corretto-1.8.0_342\jre\lib\ext\sunmscapi.jar;C:\Users\Administrator\.jdks\corretto-1.8.0_342\jre\lib\ext\sunpkcs11.jar;C:\Users\Administrator\.jdks\corretto-1.8.0_342\jre\lib\ext\zipfs.jar;C:\Users\Administrator\.jdks\corretto-1.8.0_342\jre\lib\jce.jar;C:\Users\Administrator\.jdks\corretto-1.8.0_342\jre\lib\jfr.jar;C:\Users\Administrator\.jdks\corretto-1.8.0_342\jre\lib\jfxswt.jar;C:\Users\Administrator\.jdks\corretto-1.8.0_342\jre\lib\jsse.jar;C:\Users\Administrator\.jdks\corretto-1.8.0_342\jre\lib\management-agent.jar;C:\Users\Administrator\.jdks\corretto-1.8.0_342\jre\lib\resources.jar;C:\Users\Administrator\.jdks\corretto-1.8.0_342\jre\lib\rt.jar;D:\BLD\我的世界\Src\Liquidbounce For Pride\Pride\1.12.2-Forge\build\classes\java\main;D:\BLD\我的世界\Src\Liquidbounce For Pride\Pride\1.12.2-Forge\build\classes\kotlin\main;D:\BLD\我的世界\Src\Liquidbounce For Pride\Pride\1.12.2-Forge\build\resources\main;D:\BLD\我的世界\Src\Liquidbounce For Pride\Pride\1.12.2-Forge\libs\nashorn.jar;C:\Users\Administrator\.gradle\caches\minecraft\deobfedDeps\compileDummy.jar;C:\Users\Administrator\.gradle\caches\minecraft\deobfedDeps\providedDummy.jar;C:\Users\Administrator\.gradle\caches\modules-2\files-2.1\or
Launcher Type: SUN_STANDARD

Environment Variables:
JAVA_HOME=C:\Program Files\Java\jre1.8.0_51
PATH=C:\Program Files (x86)\Common Files\Oracle\Java\javapath;C:\ProgramData\Oracle\Java\javapath;C:\WINDOWS\system32;C:\WINDOWS;C:\WINDOWS\System32\Wbem;C:\WINDOWS\System32\WindowsPowerShell\v1.0\;C:\WINDOWS\System32\OpenSSH\;C:\Program Files\Java\jre1.8.0_51\bin;D:\Gradle\bin;;C:\Program Files\NVIDIA Corporation\NVIDIA NvDLISR;C:\Program Files (x86)\EasyShare\x86\;C:\Program Files (x86)\EasyShare\x64\;C:\Users\Administrator\AppData\Local\Microsoft\WindowsApps;
USERNAME=Administrator
OS=Windows_NT
PROCESSOR_IDENTIFIER=Intel64 Family 6 Model 62 Stepping 4, GenuineIntel



---------------  S Y S T E M  ---------------

OS: Windows 10 , 64 bit Build 19041 (10.0.19041.1889)

CPU:total 20 (initial active 20) (10 cores per cpu, 2 threads per core) family 6 model 62 stepping 4, cmov, cx8, fxsr, mmx, sse, sse2, sse3, ssse3, sse4.1, sse4.2, popcnt, avx, aes, clmul, erms, ht, tsc, tscinvbit

Memory: 4k page, physical 33472704k(12260256k free), swap 39476812k(5460k free)

vm_info: OpenJDK 64-Bit Server VM (25.342-b07) for windows-amd64 JRE (1.8.0_342-b07), built on Jul 21 2022 18:16:14 by "Administrator" with MS VC++ 12.0 (VS2013)

time: Fri Oct 07 19:23:06 2022
timezone: 中国标准时间
elapsed time: 91.327305 seconds (0d 0h 1m 31s)

