[21:48:27] [main/INFO]: Extra: []
[21:48:27] [main/INFO]: Running with arguments: [--userProperties, {}, --assetsDir, C:/Users/Administrator/.gradle/caches/minecraft/assets, --assetIndex, 1.12, --accessToken{REDACTED}, --version, 1.12.2, --tweakClass, net.minecraftforge.fml.common.launcher.FMLTweaker, --tweakClass, net.minecraftforge.gradle.tweakers.CoremodTweaker]
[21:48:27] [main/INFO]: Loading tweak class name net.minecraftforge.fml.common.launcher.FMLTweaker
[21:48:27] [main/INFO]: Using primary tweak class name net.minecraftforge.fml.common.launcher.FMLTweaker
[21:48:27] [main/INFO]: Loading tweak class name net.minecraftforge.gradle.tweakers.CoremodTweaker
[21:48:27] [main/INFO]: Calling tweak class net.minecraftforge.fml.common.launcher.FMLTweaker
[21:48:27] [main/INFO]: Forge Mod Loader version 14.23.5.2768 for Minecraft 1.12.2 loading
[21:48:27] [main/INFO]: Java is OpenJDK 64-Bit Server VM, version 1.8.0_352, running on Windows 10:amd64:10.0, installed at C:\Users\Administrator\.jdks\corretto-1.8.0_352\jre
[21:48:27] [main/ERROR]: Apache Maven library folder was not in the format expected. Using default libraries directory.
[21:48:27] [main/ERROR]: Full: C:\Users\Administrator\.gradle\caches\modules-2\files-2.1\org.apache.maven\maven-artifact\3.5.3\7dc72b6d6d8a6dced3d294ed54c2cc3515ade9f4\maven-artifact-3.5.3.jar
[21:48:27] [main/ERROR]: Trimmed: c:/users/administrator/.gradle/caches/modules-2/files-2.1/org.apache.maven/maven-artifact/3.5.3/
[21:48:27] [main/INFO]: Managed to load a deobfuscated Minecraft name- we are in a deobfuscated environment. Skipping runtime deobfuscation
[21:48:27] [main/INFO]: Detected deobfuscated environment, loading log configs for colored console logs.
[21:48:28] [main/INFO] [FML]: Ignoring missing certificate for coremod FMLCorePlugin (net.minecraftforge.fml.relauncher.FMLCorePlugin), we are in deobf and it's a forge core plugininecraftFormatting
[21:48:28] [main/INFO] [FML]: Ignoring missing certificate for coremod FMLForgePlugin (net.minecraftforge.classloading.FMLForgePlugin), we are in deobf and it's a forge core plugininecraftFormatting
[21:48:28] [main/INFO] [FML]: Found a command line coremod : net.ccbluex.liquidbounce.injection.forge.MixinLoaderinecraftFormatting
[21:48:28] [main/WARN] [FML]: The coremod net.ccbluex.liquidbounce.injection.forge.MixinLoader does not have a MCVersion annotation, it may cause issues with this version of MinecraftinecraftFormatting
[21:48:28] [main/INFO] [FML]: Ignoring missing certificate for coremod MixinLoader (net.ccbluex.liquidbounce.injection.forge.MixinLoader), as this is probably a dev workspaceinecraftFormatting
[21:48:28] [main/INFO] [STDOUT]: [net.ccbluex.liquidbounce.injection.forge.MixinLoader:<init>:18]: [LiquidBounce] Injecting with IFMLLoadingPlugin.inecraftFormatting
[21:48:29] [main/INFO] [mixin]: SpongePowered MIXIN Subsystem Version=0.8 Source=file:/C:/Users/Administrator/.gradle/caches/modules-2/files-2.1/org.spongepowered/mixin/0.8/dbe9e5db694a7c3cd644d5bb98f8a21295c75048/mixin-0.8.jar Service=LaunchWrapper Env=CLIENTinecraftFormatting
[21:48:29] [main/INFO] [mixin]: Compatibility level set to JAVA_8inecraftFormatting
[21:48:29] [main/INFO] [FML]: Searching D:\BLD\我的世界\Src\Liquidbounce For Pride\Pride\1.12.2-Forge\run\.\mods for modsinecraftFormatting
[21:48:29] [main/INFO] [LaunchWrapper]: Calling tweak class net.minecraftforge.gradle.tweakers.CoremodTweakerinecraftFormatting
[21:48:29] [main/INFO] [GradleStart]: Injecting location in coremod net.minecraftforge.fml.relauncher.FMLCorePlugininecraftFormatting
[21:48:29] [main/INFO] [GradleStart]: Injecting location in coremod net.minecraftforge.classloading.FMLForgePlugininecraftFormatting
[21:48:29] [main/INFO] [GradleStart]: Injecting location in coremod net.ccbluex.liquidbounce.injection.forge.MixinLoaderinecraftFormatting
[21:48:29] [main/INFO] [LaunchWrapper]: Loading tweak class name net.minecraftforge.fml.common.launcher.FMLInjectionAndSortingTweakerinecraftFormatting
[21:48:29] [main/INFO] [LaunchWrapper]: Loading tweak class name org.spongepowered.asm.mixin.EnvironmentStateTweakerinecraftFormatting
[21:48:29] [main/INFO] [LaunchWrapper]: Loading tweak class name net.minecraftforge.fml.common.launcher.FMLDeobfTweakerinecraftFormatting
[21:48:29] [main/INFO] [LaunchWrapper]: Loading tweak class name net.minecraftforge.gradle.tweakers.AccessTransformerTweakerinecraftFormatting
[21:48:29] [main/INFO] [LaunchWrapper]: Calling tweak class net.minecraftforge.fml.common.launcher.FMLInjectionAndSortingTweakerinecraftFormatting
[21:48:29] [main/INFO] [LaunchWrapper]: Calling tweak class net.minecraftforge.fml.common.launcher.FMLInjectionAndSortingTweakerinecraftFormatting
[21:48:29] [main/INFO] [LaunchWrapper]: Calling tweak class net.minecraftforge.fml.relauncher.CoreModManager$FMLPluginWrapperinecraftFormatting
